<?xml version="1.0" encoding="UTF-8"?>
<!-- Generated by org.testng.reporters.JUnitReportReporter -->
<testsuite hostname="DUBEY-PC" name="com.appium.framework.AppTest" tests="1" failures="0" timestamp="4 Mar 2017 16:18:05 GMT" time="0.004" errors="0">
  <testcase name="testApp" time="0.004" classname="com.appium.framework.AppTest"/>
</testsuite> <!-- com.appium.framework.AppTest -->
