<?xml version="1.0" encoding="UTF-8"?>
<!-- Generated by org.testng.reporters.JUnitReportReporter -->
<testsuite hostname="DUBEY-PC" name="com.appium.framework.bootstrap.bootstrap" tests="1" failures="0" timestamp="23 Feb 2017 14:37:58 GMT" time="9.412" errors="0">
  <testcase name="StartTest" time="9.412" classname="com.appium.framework.bootstrap.bootstrap"/>
</testsuite> <!-- com.appium.framework.bootstrap.bootstrap -->
