<?xml version="1.0" encoding="UTF-8"?>
<!-- Generated by org.testng.reporters.JUnitReportReporter -->
<testsuite hostname="DUBEY-PC" name="com.appium.framework.bootstrap.bootstrap" tests="1" failures="0" timestamp="15 Feb 2017 16:08:28 GMT" time="24.699" errors="0">
  <testcase name="StartTest" time="24.699" classname="com.appium.framework.bootstrap.bootstrap"/>
</testsuite> <!-- com.appium.framework.bootstrap.bootstrap -->
